c:\users\roger\documents\visual studio 2015\projects\tp3\tp3\traitementimagepgm-h17\pgmimage2\debug\pgmimage2.pch
c:\users\roger\documents\visual studio 2015\projects\tp3\tp3\traitementimagepgm-h17\pgmimage2\debug\vc140.pdb
c:\users\roger\documents\visual studio 2015\projects\tp3\tp3\traitementimagepgm-h17\pgmimage2\debug\vc140.idb
c:\users\roger\documents\visual studio 2015\projects\tp3\tp3\traitementimagepgm-h17\pgmimage2\debug\stdafx.obj
c:\users\roger\documents\visual studio 2015\projects\tp3\tp3\traitementimagepgm-h17\pgmimage2\debug\util.obj
c:\users\roger\documents\visual studio 2015\projects\tp3\tp3\traitementimagepgm-h17\pgmimage2\debug\pgmimage2view.obj
c:\users\roger\documents\visual studio 2015\projects\tp3\tp3\traitementimagepgm-h17\pgmimage2\debug\pgmimage2doc.obj
c:\users\roger\documents\visual studio 2015\projects\tp3\tp3\traitementimagepgm-h17\pgmimage2\debug\pgmimage2.obj
c:\users\roger\documents\visual studio 2015\projects\tp3\tp3\traitementimagepgm-h17\pgmimage2\debug\mainfrm.obj
c:\users\roger\documents\visual studio 2015\projects\tp3\tp3\traitementimagepgm-h17\pgmimage2\debug\imagereelle.obj
c:\users\roger\documents\visual studio 2015\projects\tp3\tp3\traitementimagepgm-h17\pgmimage2\debug\dialogimage.obj
c:\users\roger\documents\visual studio 2015\projects\tp3\tp3\traitementimagepgm-h17\pgmimage2\debug\pgmimage2.exe
c:\users\roger\documents\visual studio 2015\projects\tp3\tp3\traitementimagepgm-h17\pgmimage2\debug\pgmimage2.pdb
c:\users\roger\documents\visual studio 2015\projects\tp3\tp3\traitementimagepgm-h17\pgmimage2\debug\pgmimage2.res
c:\users\roger\documents\visual studio 2015\projects\tp3\tp3\traitementimagepgm-h17\pgmimage2\.\debug\pgmimage2.exe
c:\users\roger\documents\visual studio 2015\projects\tp3\tp3\traitementimagepgm-h17\pgmimage2\debug\pgmimage2.tlog\cl.command.1.tlog
c:\users\roger\documents\visual studio 2015\projects\tp3\tp3\traitementimagepgm-h17\pgmimage2\debug\pgmimage2.tlog\cl.read.1.tlog
c:\users\roger\documents\visual studio 2015\projects\tp3\tp3\traitementimagepgm-h17\pgmimage2\debug\pgmimage2.tlog\cl.write.1.tlog
c:\users\roger\documents\visual studio 2015\projects\tp3\tp3\traitementimagepgm-h17\pgmimage2\debug\pgmimage2.tlog\link.command.1.tlog
c:\users\roger\documents\visual studio 2015\projects\tp3\tp3\traitementimagepgm-h17\pgmimage2\debug\pgmimage2.tlog\link.read.1.tlog
c:\users\roger\documents\visual studio 2015\projects\tp3\tp3\traitementimagepgm-h17\pgmimage2\debug\pgmimage2.tlog\link.write.1.tlog
c:\users\roger\documents\visual studio 2015\projects\tp3\tp3\traitementimagepgm-h17\pgmimage2\debug\pgmimage2.tlog\rc.command.1.tlog
c:\users\roger\documents\visual studio 2015\projects\tp3\tp3\traitementimagepgm-h17\pgmimage2\debug\pgmimage2.tlog\rc.read.1.tlog
c:\users\roger\documents\visual studio 2015\projects\tp3\tp3\traitementimagepgm-h17\pgmimage2\debug\pgmimage2.tlog\rc.write.1.tlog
